2025-08-29 18:36:15,628 - chatbot_logger - INFO - Initializing chatbot backend...
2025-08-29 18:36:15,957 - chatbot_logger - INFO - Initialized 5 KB chunks.
2025-08-29 18:36:15,959 - chatbot_logger - DEBUG - Loaded Profile for test_user_123:
{
  "user_id": "test_user_123",
  "demographics": {},
  "conditions": [],
  "preferences": {
    "tone": "genuine",
    "length": "short",
    "avoid_topics": []
  },
  "goals": [],
  "triggers": [],
  "therapeutic_styles": [
    "CBT",
    "Mindfulness"
  ],
  "timezone": "UTC",
  "safety_plan": {
    "contacts": [],
    "grounding_preference": ""
  },
  "consents": {
    "data_use": true,
    "crisis_detection": true
  },
  "updated_at": "2025-08-29T18:36:15.959048"
}
2025-08-29 18:36:15,959 - chatbot_logger - INFO - Loaded Profile for test_user_123.
2025-08-29 18:36:15,959 - chatbot_logger - INFO - 
Start chatting (type 'exit' to quit):
2025-08-29 18:36:24,504 - chatbot_logger - DEBUG - Prompt Inputs: {
  "system_rules": "You are a mental wellbeing chatbot designed to provide supportive, personalized, context-aware, and emotion-aware conversations.\n        Your goal is to help users manage their mental wellbeing.\n        Always respond in a compassionate and empathetic manner.\n        Prioritize user safety.\n        ",
  "profile_str": "{\"user_id\": \"test_user_123\", \"demographics\": {}, \"conditions\": [], \"preferences\": {\"tone\": \"genuine\", \"length\": \"short\", \"avoid_topics\": []}, \"goals\": [], \"triggers\": [], \"therapeutic_styles\": [\"CBT\", \"Mindfulness\"], \"timezone\": \"UTC\", \"safety_plan\": {\"contacts\": [], \"grounding_preference\": \"\"}, \"consents\": {\"data_use\": true, \"crisis_detection\": true}, \"updated_at\": \"2025-08-29T18:36:24.101209\"}",
  "emotion_primary": "neutral",
  "emotion_scores_str": "{\"neutral\": 0.7800472378730774, \"surprise\": 0.18286289274692535, \"joy\": 0.014909048564732075, \"sadness\": 0.01405009999871254, \"anger\": 0.003218337893486023, \"disgust\": 0.0027595176361501217, \"fear\": 0.0021528787910938263}",
  "intent": "general_chat",
  "context_str": "User Profile Summary: Age: N/A, Conditions: , Goals: , Preferred Styles: CBT, Mindfulness, Tone: genuine.",
  "user_text": "hi, my name is himank"
}
2025-08-29 18:36:24,863 - chatbot_logger - INFO - Bot: Nice to meet you, Himank! It's great that you're taking the first step to connect with me today. How are you feeling right now? Is there anything on your mind that you'd like to talk about, or would you like to just chat and get to know each other a bit better?
