2025-08-30 06:28:37,576 - chatbot_logger - INFO - Initializing chatbot backend...
2025-08-30 06:28:37,577 - chatbot_logger - INFO - metadata.json found. Clearing existing vector store before re-initialization.
2025-08-30 06:28:37,578 - chatbot_logger - INFO - Vector store cleared.
2025-08-30 06:28:37,578 - chatbot_logger - INFO - Existing vector store cleared based on metadata.json presence.
2025-08-30 06:28:38,159 - chatbot_logger - DEBUG - Initialized 5 KB chunks.
2025-08-30 06:28:38,159 - chatbot_logger - INFO - KB chunks initialized/re-initialized.
2025-08-30 06:28:38,160 - chatbot_logger - DEBUG - Loaded Profile for test_user_123:
{
  "user_id": "test_user_123",
  "demographics": {},
  "conditions": [],
  "preferences": {
    "tone": "genuine",
    "length": "short",
    "avoid_topics": []
  },
  "goals": [],
  "triggers": [],
  "therapeutic_styles": [
    "CBT",
    "Mindfulness"
  ],
  "timezone": "UTC",
  "safety_plan": {
    "contacts": [],
    "grounding_preference": ""
  },
  "consents": {
    "data_use": true,
    "crisis_detection": true
  },
  "updated_at": "2025-08-29T23:56:11.473207"
}
