2025-08-29 18:49:41,355 - chatbot_logger - DEBUG - Initialized 5 KB chunks.
2025-08-29 18:49:41,355 - chatbot_logger - DEBUG - Loaded Profile for test_user_123:
{
  "user_id": "test_user_123",
  "demographics": {},
  "conditions": [],
  "preferences": {
    "tone": "genuine",
    "length": "short",
    "avoid_topics": []
  },
  "goals": [],
  "triggers": [],
  "therapeutic_styles": [
    "CBT",
    "Mindfulness"
  ],
  "timezone": "UTC",
  "safety_plan": {
    "contacts": [],
    "grounding_preference": ""
  },
  "consents": {
    "data_use": true,
    "crisis_detection": true
  },
  "updated_at": "2025-08-29T18:49:41.355602"
}
2025-08-29 18:49:49,413 - chatbot_logger - DEBUG - Updated Profile for test_user_123:
{
  "user_id": "test_user_123",
  "demographics": {},
  "conditions": [],
  "preferences": {
    "tone": "genuine",
    "length": "short",
    "avoid_topics": []
  },
  "goals": [],
  "triggers": [],
  "therapeutic_styles": [
    "CBT",
    "Mindfulness"
  ],
  "timezone": "UTC",
  "safety_plan": {
    "contacts": [],
    "grounding_preference": ""
  },
  "consents": {
    "data_use": true,
    "crisis_detection": true
  },
  "updated_at": "2025-08-29T18:49:49.413836"
}
2025-08-29 18:51:12,219 - chatbot_logger - DEBUG - Updated Profile for test_user_123:
{
  "user_id": "test_user_123",
  "demographics": {},
  "conditions": [],
  "preferences": {
    "tone": "genuine",
    "length": "short",
    "avoid_topics": []
  },
  "goals": [],
  "triggers": [],
  "therapeutic_styles": [
    "CBT",
    "Mindfulness"
  ],
  "timezone": "UTC",
  "safety_plan": {
    "contacts": [],
    "grounding_preference": ""
  },
  "consents": {
    "data_use": true,
    "crisis_detection": true
  },
  "updated_at": "2025-08-29T18:51:12.219013"
}
