2025-08-30 09:08:50,768 - chatbot_logger - INFO - Initializing chatbot backend...
2025-08-30 09:08:50,768 - chatbot_logger - INFO - metadata.json found. Clearing existing vector store before re-initialization.
2025-08-30 09:08:50,768 - chatbot_logger - INFO - Vector store cleared.
2025-08-30 09:08:50,768 - chatbot_logger - INFO - Existing vector store cleared based on metadata.json presence.
2025-08-30 09:08:50,925 - chatbot_logger - DEBUG - Initialized 5 KB chunks.
2025-08-30 09:08:50,925 - chatbot_logger - INFO - KB chunks initialized/re-initialized.
2025-08-30 09:08:50,940 - chatbot_logger - DEBUG - Loaded Profile for HIMANK:
{
  "user_id": "HIMANK",
  "demographics": {},
  "conditions": [],
  "preferences": {
    "tone": "genuine",
    "length": "short",
    "avoid_topics": []
  },
  "goals": [],
  "triggers": [],
  "therapeutic_styles": [
    "CBT",
    "Mindfulness"
  ],
  "timezone": "UTC",
  "safety_plan": {
    "contacts": [],
    "grounding_preference": ""
  },
  "consents": {
    "data_use": true,
    "crisis_detection": true
  },
  "updated_at": "2025-08-30T09:08:50.940726"
}
2025-08-30 09:12:15,387 - chatbot_logger - DEBUG - Detected User Emotion: neutral (Scores: {"neutral": 0.6487919092178345, "surprise": 0.2859741449356079, "sadness": 0.026308510452508926, "joy": 0.02116825059056282, "fear": 0.0076522366143763065, "anger": 0.006251455284655094, "disgust": 0.0038535096682608128})
2025-08-30 09:12:15,882 - chatbot_logger - INFO - User Query (HIMANK): hi im himank
2025-08-30 09:12:15,882 - chatbot_logger - INFO - Assistant Response (HIMANK): Hi Himank! It's great to chat with you. How's your day been so far? Is there anything on your mind that you'd like to talk about or any specific topics you'd like to explore? I'm here to listen and support you in any way I can.
2025-08-30 09:12:16,166 - chatbot_logger - DEBUG - Profile Update (Option 2): Added new goal 'stress management' for user HIMANK.
2025-08-30 09:12:16,166 - chatbot_logger - DEBUG - Profile Update (Option 2): Added new goal 'improving mental health' for user HIMANK.
2025-08-30 09:12:16,166 - chatbot_logger - DEBUG - Profile Update (Option 2): Added new condition 'anxiety' for user HIMANK.
2025-08-30 09:12:16,166 - chatbot_logger - DEBUG - Profile Update (Option 2): Added new condition 'depression' for user HIMANK.
2025-08-30 09:12:16,166 - chatbot_logger - INFO - User HIMANK profile will be updated with new goals/conditions.
2025-08-30 09:12:16,166 - chatbot_logger - DEBUG - Final profile_patch for user HIMANK: {
  "goals": [
    "improving mental health",
    "stress management"
  ],
  "conditions": [
    "depression",
    "anxiety"
  ]
}
2025-08-30 09:12:16,166 - chatbot_logger - INFO - User HIMANK profile updated with aggregated changes: {'goals': ['improving mental health', 'stress management'], 'conditions': ['depression', 'anxiety']}
2025-08-30 09:12:16,199 - chatbot_logger - DEBUG - Updated Profile for HIMANK:
{
  "user_id": "HIMANK",
  "demographics": {},
  "conditions": [
    "depression",
    "anxiety"
  ],
  "preferences": {
    "tone": "genuine",
    "length": "short",
    "avoid_topics": []
  },
  "goals": [
    "improving mental health",
    "stress management"
  ],
  "triggers": [],
  "therapeutic_styles": [
    "CBT",
    "Mindfulness"
  ],
  "timezone": "UTC",
  "safety_plan": {
    "contacts": [],
    "grounding_preference": ""
  },
  "consents": {
    "data_use": true,
    "crisis_detection": true
  },
  "updated_at": "2025-08-30T09:12:16.166791"
}
