2025-08-29 21:57:46,277 - chatbot_logger - DEBUG - Initialized 5 KB chunks.
2025-08-29 21:57:46,277 - chatbot_logger - DEBUG - Loaded Profile for test_user_123:
{
  "user_id": "test_user_123",
  "demographics": {},
  "conditions": [
    "depression",
    "anxiety",
    "sadness"
  ],
  "preferences": {
    "tone": "genuine",
    "length": "short",
    "avoid_topics": [
      "sadness",
      "distress"
    ]
  },
  "goals": [
    "feeling better"
  ],
  "triggers": [],
  "therapeutic_styles": [
    "CBT",
    "Mindfulness"
  ],
  "timezone": "UTC",
  "safety_plan": {
    "contacts": [],
    "grounding_preference": ""
  },
  "consents": {
    "data_use": true,
    "crisis_detection": true
  },
  "updated_at": "2025-08-29T21:57:06.167204"
}
