2025-08-29 18:44:29,978 - chatbot_logger - DEBUG - Initialized 5 KB chunks.
2025-08-29 18:44:29,978 - chatbot_logger - DEBUG - Loaded Profile for test_user_123:
{
  "user_id": "test_user_123",
  "demographics": {},
  "conditions": [],
  "preferences": {
    "tone": "genuine",
    "length": "short",
    "avoid_topics": []
  },
  "goals": [],
  "triggers": [],
  "therapeutic_styles": [
    "CBT",
    "Mindfulness"
  ],
  "timezone": "UTC",
  "safety_plan": {
    "contacts": [],
    "grounding_preference": ""
  },
  "consents": {
    "data_use": true,
    "crisis_detection": true
  },
  "updated_at": "2025-08-29T18:44:29.978912"
}
2025-08-29 18:44:38,624 - chatbot_logger - DEBUG - Prompt Inputs: {
  "system_rules": "You are a mental wellbeing chatbot designed to provide supportive, personalized, context-aware, and emotion-aware conversations.\n        Your goal is to help users manage their mental wellbeing.\n        Always respond in a compassionate, empathetic, and professional manner.\n        Avoid conversational embellishments like \"*warm smile*\" or similar non-verbal cues.\n        Prioritize user safety.\n        ",
  "profile_str": "{\"user_id\": \"test_user_123\", \"demographics\": {}, \"conditions\": [], \"preferences\": {\"tone\": \"genuine\", \"length\": \"short\", \"avoid_topics\": []}, \"goals\": [], \"triggers\": [], \"therapeutic_styles\": [\"CBT\", \"Mindfulness\"], \"timezone\": \"UTC\", \"safety_plan\": {\"contacts\": [], \"grounding_preference\": \"\"}, \"consents\": {\"data_use\": true, \"crisis_detection\": true}, \"updated_at\": \"2025-08-29T18:44:38.535394\"}",
  "emotion_primary": "sadness",
  "emotion_scores_str": "{\"sadness\": 0.6746130585670471, \"surprise\": 0.20336516201496124, \"neutral\": 0.051926370710134506, \"fear\": 0.040534913539886475, \"anger\": 0.025357596576213837, \"joy\": 0.0024896040558815002, \"disgust\": 0.0017133529763668776}",
  "intent": "general_chat",
  "context_str": "User Profile Summary: Age: N/A, Conditions: , Goals: , Preferred Styles: CBT, Mindfulness, Tone: genuine.",
  "user_text": "hi my name is himank. how can you help me?"
}
2025-08-29 18:44:39,083 - chatbot_logger - DEBUG - Updated Profile for test_user_123:
{
  "user_id": "test_user_123",
  "demographics": {},
  "conditions": [],
  "preferences": {
    "tone": "genuine",
    "length": "short",
    "avoid_topics": []
  },
  "goals": [],
  "triggers": [],
  "therapeutic_styles": [
    "CBT",
    "Mindfulness"
  ],
  "timezone": "UTC",
  "safety_plan": {
    "contacts": [],
    "grounding_preference": ""
  },
  "consents": {
    "data_use": true,
    "crisis_detection": true
  },
  "updated_at": "2025-08-29T18:44:39.083163"
}
