2025-08-30 06:33:58,988 - chatbot_logger - INFO - Initializing chatbot backend...
2025-08-30 06:33:58,989 - chatbot_logger - INFO - metadata.json found. Clearing existing vector store before re-initialization.
2025-08-30 06:33:58,991 - chatbot_logger - INFO - Vector store cleared.
2025-08-30 06:33:58,992 - chatbot_logger - INFO - Existing vector store cleared based on metadata.json presence.
2025-08-30 06:33:59,231 - chatbot_logger - DEBUG - Initialized 5 KB chunks.
2025-08-30 06:33:59,231 - chatbot_logger - INFO - KB chunks initialized/re-initialized.
2025-08-30 06:33:59,232 - chatbot_logger - DEBUG - Loaded Profile for test_user_123:
{
  "user_id": "test_user_123",
  "demographics": {},
  "conditions": [],
  "preferences": {
    "tone": "genuine",
    "length": "short",
    "avoid_topics": []
  },
  "goals": [],
  "triggers": [],
  "therapeutic_styles": [
    "CBT",
    "Mindfulness"
  ],
  "timezone": "UTC",
  "safety_plan": {
    "contacts": [],
    "grounding_preference": ""
  },
  "consents": {
    "data_use": true,
    "crisis_detection": true
  },
  "updated_at": "2025-08-29T23:56:11.473207"
}
2025-08-30 06:34:09,445 - chatbot_logger - DEBUG - Detected User Emotion: neutral (Scores: {"neutral": 0.645523190498352, "surprise": 0.2889977991580963, "joy": 0.03484068438410759, "sadness": 0.024032171815633774, "anger": 0.0026581401471048594, "disgust": 0.0023062254767864943, "fear": 0.0016417904989793897})
2025-08-30 06:34:10,277 - chatbot_logger - DEBUG - Updated Profile for test_user_123:
{
  "user_id": "test_user_123",
  "demographics": {},
  "conditions": [],
  "preferences": {
    "tone": "genuine",
    "length": "short",
    "avoid_topics": []
  },
  "goals": [],
  "triggers": [],
  "therapeutic_styles": [
    "CBT",
    "Mindfulness"
  ],
  "timezone": "UTC",
  "safety_plan": {
    "contacts": [],
    "grounding_preference": ""
  },
  "consents": {
    "data_use": true,
    "crisis_detection": true
  },
  "updated_at": "2025-08-29T23:56:11.473207"
}
