2025-08-29 21:56:49,830 - chatbot_logger - DEBUG - Initialized 5 KB chunks.
2025-08-29 21:56:49,830 - chatbot_logger - DEBUG - Loaded Profile for test_user_123:
{
  "user_id": "test_user_123",
  "demographics": {},
  "conditions": [
    "anxiety",
    "depression"
  ],
  "preferences": {
    "tone": "genuine",
    "length": "short",
    "avoid_topics": [
      "distress",
      "sadness"
    ]
  },
  "goals": [],
  "triggers": [],
  "therapeutic_styles": [
    "CBT",
    "Mindfulness"
  ],
  "timezone": "UTC",
  "safety_plan": {
    "contacts": [],
    "grounding_preference": ""
  },
  "consents": {
    "data_use": true,
    "crisis_detection": true
  },
  "updated_at": "2025-08-29T21:53:55.995152"
}
2025-08-29 21:57:04,859 - chatbot_logger - DEBUG - Detected User Emotion: sadness (Scores: {"sadness": 0.9852719306945801, "surprise": 0.006496651563793421, "neutral": 0.004469494801014662, "joy": 0.0018118388252332807, "disgust": 0.0007379499729722738, "fear": 0.000691780645865947, "anger": 0.0005203019827604294})
2025-08-29 21:57:05,901 - chatbot_logger - DEBUG - Profile Update (Option 2): Added new goal 'feeling better' for user test_user_123.
2025-08-29 21:57:05,901 - chatbot_logger - DEBUG - Profile Update (Option 2): Added new condition 'sadness' for user test_user_123.
2025-08-29 21:57:05,901 - chatbot_logger - INFO - User test_user_123 profile will be updated with new goals/conditions.
2025-08-29 21:57:06,167 - chatbot_logger - INFO - User test_user_123 profile will be updated with new avoid topics: ['sadness', 'distress']
2025-08-29 21:57:06,167 - chatbot_logger - INFO - User test_user_123 profile updated with aggregated changes: {'goals': ['feeling better'], 'conditions': ['depression', 'anxiety', 'sadness'], 'preferences': {'tone': 'genuine', 'length': 'short', 'avoid_topics': ['sadness', 'distress']}}
2025-08-29 21:57:06,182 - chatbot_logger - DEBUG - Updated Profile for test_user_123:
{
  "user_id": "test_user_123",
  "demographics": {},
  "conditions": [
    "depression",
    "anxiety",
    "sadness"
  ],
  "preferences": {
    "tone": "genuine",
    "length": "short",
    "avoid_topics": [
      "sadness",
      "distress"
    ]
  },
  "goals": [
    "feeling better"
  ],
  "triggers": [],
  "therapeutic_styles": [
    "CBT",
    "Mindfulness"
  ],
  "timezone": "UTC",
  "safety_plan": {
    "contacts": [],
    "grounding_preference": ""
  },
  "consents": {
    "data_use": true,
    "crisis_detection": true
  },
  "updated_at": "2025-08-29T21:57:06.167204"
}
