2025-08-29 23:32:36,074 - chatbot_logger - DEBUG - Initialized 5 KB chunks.
2025-08-29 23:32:36,074 - chatbot_logger - DEBUG - Loaded Profile for test_user_123:
{
  "user_id": "test_user_123",
  "demographics": {},
  "conditions": [
    "anxiety",
    "depression",
    "sadness"
  ],
  "preferences": {
    "tone": "genuine",
    "length": "short",
    "avoid_topics": [
      "sadness"
    ]
  },
  "goals": [
    "feeling better"
  ],
  "triggers": [],
  "therapeutic_styles": [
    "CBT",
    "Mindfulness"
  ],
  "timezone": "UTC",
  "safety_plan": {
    "contacts": [],
    "grounding_preference": ""
  },
  "consents": {
    "data_use": true,
    "crisis_detection": true
  },
  "updated_at": "2025-08-29T21:58:47.217922"
}
2025-08-29 23:32:40,259 - chatbot_logger - DEBUG - Detected User Emotion: neutral (Scores: {"neutral": 0.49568435549736023, "surprise": 0.45626863837242126, "joy": 0.021119337528944016, "sadness": 0.01799442060291767, "anger": 0.004689570516347885, "fear": 0.002341433661058545, "disgust": 0.0019022853812202811})
2025-08-29 23:32:41,040 - chatbot_logger - DEBUG - Profile Update (Option 2): Added new goal 'prioritizing mental wellbeing' for user test_user_123.
2025-08-29 23:32:41,040 - chatbot_logger - DEBUG - Profile Update (Option 2): Added new goal 'taking the first step towards mental wellbeing' for user test_user_123.
2025-08-29 23:32:41,040 - chatbot_logger - INFO - User test_user_123 profile will be updated with new goals/conditions.
2025-08-29 23:32:41,040 - chatbot_logger - INFO - User test_user_123 profile updated with aggregated changes: {'goals': ['prioritizing mental wellbeing', 'taking the first step towards mental wellbeing', 'feeling better'], 'conditions': ['anxiety', 'depression', 'sadness']}
2025-08-29 23:32:41,072 - chatbot_logger - DEBUG - Updated Profile for test_user_123:
{
  "user_id": "test_user_123",
  "demographics": {},
  "conditions": [
    "anxiety",
    "depression",
    "sadness"
  ],
  "preferences": {
    "tone": "genuine",
    "length": "short",
    "avoid_topics": [
      "sadness"
    ]
  },
  "goals": [
    "prioritizing mental wellbeing",
    "taking the first step towards mental wellbeing",
    "feeling better"
  ],
  "triggers": [],
  "therapeutic_styles": [
    "CBT",
    "Mindfulness"
  ],
  "timezone": "UTC",
  "safety_plan": {
    "contacts": [],
    "grounding_preference": ""
  },
  "consents": {
    "data_use": true,
    "crisis_detection": true
  },
  "updated_at": "2025-08-29T23:32:41.040498"
}
