2025-08-29 21:58:39,225 - chatbot_logger - DEBUG - Initialized 5 KB chunks.
2025-08-29 21:58:39,241 - chatbot_logger - DEBUG - Loaded Profile for test_user_123:
{
  "user_id": "test_user_123",
  "demographics": {},
  "conditions": [
    "depression",
    "anxiety",
    "sadness"
  ],
  "preferences": {
    "tone": "genuine",
    "length": "short",
    "avoid_topics": []
  },
  "goals": [
    "feeling better"
  ],
  "triggers": [],
  "therapeutic_styles": [
    "CBT",
    "Mindfulness"
  ],
  "timezone": "UTC",
  "safety_plan": {
    "contacts": [],
    "grounding_preference": ""
  },
  "consents": {
    "data_use": true,
    "crisis_detection": true
  },
  "updated_at": "2025-08-29T21:57:06.167204"
}
2025-08-29 21:58:46,370 - chatbot_logger - DEBUG - Detected User Emotion: sadness (Scores: {"sadness": 0.9933114051818848, "joy": 0.0019124686950817704, "surprise": 0.0018468584166839719, "neutral": 0.0013728011399507523, "anger": 0.0006931887473911047, "fear": 0.00045689550461247563, "disgust": 0.00040640984661877155})
2025-08-29 21:58:47,216 - chatbot_logger - DEBUG - Profile Update (Option 3): Added new avoid topic 'sadness' for user test_user_123 due to negative emotion.
2025-08-29 21:58:47,216 - chatbot_logger - INFO - User test_user_123 profile will be updated with new avoid topics: ['sadness']
2025-08-29 21:58:47,217 - chatbot_logger - INFO - User test_user_123 profile updated with aggregated changes: {'goals': ['feeling better'], 'conditions': ['anxiety', 'depression', 'sadness'], 'preferences': {'tone': 'genuine', 'length': 'short', 'avoid_topics': ['sadness']}}
2025-08-29 21:58:47,223 - chatbot_logger - DEBUG - Updated Profile for test_user_123:
{
  "user_id": "test_user_123",
  "demographics": {},
  "conditions": [
    "anxiety",
    "depression",
    "sadness"
  ],
  "preferences": {
    "tone": "genuine",
    "length": "short",
    "avoid_topics": [
      "sadness"
    ]
  },
  "goals": [
    "feeling better"
  ],
  "triggers": [],
  "therapeutic_styles": [
    "CBT",
    "Mindfulness"
  ],
  "timezone": "UTC",
  "safety_plan": {
    "contacts": [],
    "grounding_preference": ""
  },
  "consents": {
    "data_use": true,
    "crisis_detection": true
  },
  "updated_at": "2025-08-29T21:58:47.217922"
}
