2025-08-29 22:09:56,283 - chatbot_logger - DEBUG - Initialized 5 KB chunks.
2025-08-29 22:09:56,283 - chatbot_logger - DEBUG - Loaded Profile for test_user_123:
{
  "user_id": "test_user_123",
  "demographics": {},
  "conditions": [
    "anxiety",
    "depression",
    "sadness"
  ],
  "preferences": {
    "tone": "genuine",
    "length": "short",
    "avoid_topics": [
      "sadness"
    ]
  },
  "goals": [
    "feeling better"
  ],
  "triggers": [],
  "therapeutic_styles": [
    "CBT",
    "Mindfulness"
  ],
  "timezone": "UTC",
  "safety_plan": {
    "contacts": [],
    "grounding_preference": ""
  },
  "consents": {
    "data_use": true,
    "crisis_detection": true
  },
  "updated_at": "2025-08-29T21:58:47.217922"
}
2025-08-29 22:10:01,074 - chatbot_logger - DEBUG - Detected User Emotion: neutral (Scores: {"neutral": 0.5002423524856567, "surprise": 0.4555504322052002, "sadness": 0.016911009326577187, "joy": 0.01478555891662836, "disgust": 0.00526770856231451, "anger": 0.0041102138347923756, "fear": 0.0031327661126852036})
2025-08-29 22:10:02,316 - chatbot_logger - DEBUG - Updated Profile for test_user_123:
{
  "user_id": "test_user_123",
  "demographics": {},
  "conditions": [
    "anxiety",
    "depression",
    "sadness"
  ],
  "preferences": {
    "tone": "genuine",
    "length": "short",
    "avoid_topics": [
      "sadness"
    ]
  },
  "goals": [
    "feeling better"
  ],
  "triggers": [],
  "therapeutic_styles": [
    "CBT",
    "Mindfulness"
  ],
  "timezone": "UTC",
  "safety_plan": {
    "contacts": [],
    "grounding_preference": ""
  },
  "consents": {
    "data_use": true,
    "crisis_detection": true
  },
  "updated_at": "2025-08-29T21:58:47.217922"
}
